<?xml version="1.0" encoding="UTF-8"?>
<testng-results ignored="0" total="1" passed="1" failed="0" skipped="0">
  <reporter-output>
  </reporter-output>
  <suite started-at="2021-10-08T06:18:28Z" name="Suite" finished-at="2021-10-08T06:18:28Z" duration-ms="86">
    <groups>
    </groups>
    <test started-at="2021-10-08T06:18:28Z" name="iOS" finished-at="2021-10-08T06:18:28Z" duration-ms="86">
      <class name="AppiumiOSLocalStorage">
        <test-method is-config="true" signature="setupAppium()[pri:0, instance:AppiumiOSLocalStorage@279ad2e3]" started-at="2021-10-08T06:18:18Z" name="setupAppium" finished-at="2021-10-08T06:18:28Z" duration-ms="9986" status="PASS">
          <reporter-output>
          </reporter-output>
        </test-method> <!-- setupAppium -->
        <test-method signature="sampleTest()[pri:0, instance:AppiumiOSLocalStorage@279ad2e3]" started-at="2021-10-08T06:18:28Z" name="sampleTest" finished-at="2021-10-08T06:18:28Z" duration-ms="71" status="PASS">
          <reporter-output>
          </reporter-output>
        </test-method> <!-- sampleTest -->
        <test-method is-config="true" signature="uninstallApp()[pri:0, instance:AppiumiOSLocalStorage@279ad2e3]" started-at="2021-10-08T06:18:28Z" name="uninstallApp" finished-at="2021-10-08T06:18:33Z" duration-ms="5012" status="PASS">
          <reporter-output>
          </reporter-output>
        </test-method> <!-- uninstallApp -->
      </class> <!-- AppiumiOSLocalStorage -->
    </test> <!-- iOS -->
  </suite> <!-- Suite -->
</testng-results>
